<?xml version="1.0" encoding="UTF-8"?>
<coverage generated="1643116509107" clover="3.2.0">
  <project timestamp="1643116509107" name="All files">
    <metrics statements="4" coveredstatements="2" conditionals="0" coveredconditionals="0" methods="3" coveredmethods="1" elements="7" coveredelements="3" complexity="0" loc="4" ncloc="4" packages="1" files="2" classes="2"/>
    <file name="App.tsx" path="/Users/nfleig/dev/codeworks/senior-part/senior-presentation/demo/src/App.tsx">
      <metrics statements="3" coveredstatements="2" conditionals="0" coveredconditionals="0" methods="3" coveredmethods="1"/>
      <line num="13" count="1" type="stmt"/>
      <line num="15" count="1" type="stmt"/>
      <line num="20" count="0" type="stmt"/>
    </file>
    <file name="main.tsx" path="/Users/nfleig/dev/codeworks/senior-part/senior-presentation/demo/src/main.tsx">
      <metrics statements="1" coveredstatements="0" conditionals="0" coveredconditionals="0" methods="0" coveredmethods="0"/>
      <line num="6" count="0" type="stmt"/>
    </file>
  </project>
</coverage>
