{"/Users/nfleig/dev/codeworks/senior-part/senior-presentation/demo/src/App.tsx": {"path":"/Users/nfleig/dev/codeworks/senior-part/senior-presentation/demo/src/App.tsx","statementMap":{"0":{"start":{"line":13,"column":28},"end":{"line":13,"column":39}},"1":{"start":{"line":15,"column":2},"end":{"line":48,"column":4}},"2":{"start":{"line":20,"column":47},"end":{"line":20,"column":77}},"3":{"start":{"line":20,"column":67},"end":{"line":20,"column":76}}},"fnMap":{"0":{"name":"App","decl":{"start":{"line":12,"column":9},"end":{"line":12,"column":12}},"loc":{"start":{"line":12,"column":15},"end":{"line":49,"column":1}},"line":12},"1":{"name":"(anonymous_1)","decl":{"start":{"line":20,"column":41},"end":{"line":20,"column":42}},"loc":{"start":{"line":20,"column":47},"end":{"line":20,"column":77}},"line":20},"2":{"name":"(anonymous_2)","decl":{"start":{"line":20,"column":56},"end":{"line":20,"column":57}},"loc":{"start":{"line":20,"column":67},"end":{"line":20,"column":76}},"line":20}},"branchMap":{},"s":{"0":1,"1":1,"2":0,"3":0},"f":{"0":1,"1":0,"2":0},"b":{},"_coverageSchema":"1a1c01bbd47fc00a2c39e90264f33305004495a9","hash":"b4a0d207e436f7648a27856e242b9b1ef79531e3"}
,"/Users/nfleig/dev/codeworks/senior-part/senior-presentation/demo/src/main.tsx": {"path":"/Users/nfleig/dev/codeworks/senior-part/senior-presentation/demo/src/main.tsx","statementMap":{"0":{"start":{"line":6,"column":0},"end":{"line":11,"column":1}}},"fnMap":{},"branchMap":{},"s":{"0":0},"f":{},"b":{}}
}
